<?xml version="1.0" encoding="UTF-8"?>
<!-- Generated by org.testng.reporters.JUnitXMLReporter -->
<testsuite ignored="0" hostname="DESKTOP-J007N23" failures="0" tests="4" name="PetTests" time="10.675" errors="0" timestamp="2024-09-13T15:49:38 IST">
  <testcase classname="api.test.UserTests2" name="testPostUser" time="4.284"/>
  <testcase classname="api.test.UserTests2" name="testGetUserByName" time="1.236"/>
  <testcase classname="api.test.UserTests2" name="testUpdateUserByName" time="2.421"/>
  <testcase classname="api.test.UserTests2" name="testDeleteUserByName" time="1.137"/>
</testsuite> <!-- PetTests -->
